{
  "stats": {
    "suites": 3,
    "tests": 99,
    "passes": 85,
    "pending": 14,
    "failures": 0,
    "start": "2019-05-14T22:36:40.151Z",
    "end": "2019-05-14T22:37:30.603Z",
    "duration": 50452,
    "testsRegistered": 99,
    "passPercent": 100,
    "pendingPercent": 14.1,
    "other": 0,
    "hasOther": false,
    "skipped": 0,
    "hasSkipped": false,
    "passPercentClass": "success",
    "pendingPercentClass": "danger"
  },
  "suites": {
    "uuid": "6abfb9d7-88d5-4c1e-b53b-83336a9d0b39",
    "title": "",
    "fullFile": "",
    "file": "",
    "beforeHooks": [],
    "afterHooks": [],
    "tests": [],
    "suites": [
      {
        "uuid": "4560a93e-203b-4437-9484-a0a7dc86d0cc",
        "title": "FLOVERS TEST SUITE",
        "fullFile": "C:\\Users\\user\\Desktop\\flovers\\test\\test.js",
        "file": "\\test\\test.js",
        "beforeHooks": [],
        "afterHooks": [],
        "tests": [],
        "suites": [
          {
            "uuid": "5bc003c3-1109-40db-a5d5-0bf191ac10e2",
            "title": "test constrains",
            "fullFile": "C:\\Users\\user\\Desktop\\flovers\\test\\test.js",
            "file": "\\test\\test.js",
            "beforeHooks": [],
            "afterHooks": [],
            "tests": [
              {
                "title": "Reject images not image/*",
                "fullTitle": "FLOVERS TEST SUITE test constrains Reject images not image/*",
                "timedOut": false,
                "duration": 24,
                "state": "passed",
                "speed": "fast",
                "pass": true,
                "fail": false,
                "pending": false,
                "code": "loader.testImg(\"flower_labels.csv\",function(err,res,body){\n    if(err){\n        done(err);\n        return;\n    }\n    if(!res.statusCodse==200)\n        done(false);\n    else\n        done(null);\n});",
                "err": {},
                "isRoot": false,
                "uuid": "c6b937cf-dcce-4474-8807-8eff2069440d",
                "isHook": false,
                "skipped": false
              },
              {
                "title": "accepted max filesize 5MB",
                "fullTitle": "FLOVERS TEST SUITE test constrains accepted max filesize 5MB",
                "timedOut": false,
                "duration": 25,
                "state": "passed",
                "speed": "fast",
                "pass": true,
                "fail": false,
                "pending": false,
                "code": "loader.testImg(\"bigimage.dummy\",function(err,res,body){\n    if(err){\n        done(err);\n    }\n    else{\n        done();\n    }\n});",
                "err": {},
                "isRoot": false,
                "uuid": "dbe9c86b-57fe-4e00-908d-b1a5407a1206",
                "isHook": false,
                "skipped": false
              }
            ],
            "suites": [],
            "passes": [
              "c6b937cf-dcce-4474-8807-8eff2069440d",
              "dbe9c86b-57fe-4e00-908d-b1a5407a1206"
            ],
            "failures": [],
            "pending": [],
            "skipped": [],
            "duration": 49,
            "root": false,
            "rootEmpty": false,
            "_timeout": 2000
          },
          {
            "uuid": "d9fe4336-9662-48bd-aa12-511bbcfb8fc1",
            "title": "test model",
            "fullFile": "C:\\Users\\user\\Desktop\\flovers\\test\\test.js",
            "file": "\\test\\test.js",
            "beforeHooks": [],
            "afterHooks": [],
            "tests": [
              {
                "title": "predicting image daisy/9225336602_e6c392f941_n.jpg",
                "fullTitle": "FLOVERS TEST SUITE test model predicting image daisy/9225336602_e6c392f941_n.jpg",
                "timedOut": false,
                "duration": 678,
                "state": "passed",
                "speed": "slow",
                "pass": true,
                "fail": false,
                "pending": false,
                "code": "let that=this;\nloader.testImg(img.file,function(err,res,body){\n    if(err){\n        missed++;\n        that.skip();\n        return;\n    }\n    if(res.statusCode!=200){\n        missed++;\n        that.skip();\n        return;\n    }\n    body=JSON.parse(body);\n    if(body.predicted==img.label){\n        done();\n        passed++;\n    }else{\n        missed++;\n        that.skip();\n    }\n});",
                "err": {},
                "isRoot": false,
                "uuid": "4a9b78c9-9912-42ce-98ef-a17d0587c7c2",
                "isHook": false,
                "skipped": false
              },
              {
                "title": "predicting image daisy/9242705328_eee8402a8d.jpg",
                "fullTitle": "FLOVERS TEST SUITE test model predicting image daisy/9242705328_eee8402a8d.jpg",
                "timedOut": false,
                "duration": 1211,
                "state": "passed",
                "speed": "slow",
                "pass": true,
                "fail": false,
                "pending": false,
                "code": "let that=this;\nloader.testImg(img.file,function(err,res,body){\n    if(err){\n        missed++;\n        that.skip();\n        return;\n    }\n    if(res.statusCode!=200){\n        missed++;\n        that.skip();\n        return;\n    }\n    body=JSON.parse(body);\n    if(body.predicted==img.label){\n        done();\n        passed++;\n    }else{\n        missed++;\n        that.skip();\n    }\n});",
                "err": {},
                "isRoot": false,
                "uuid": "3fb78405-7968-4704-8c15-ee39bec1776b",
                "isHook": false,
                "skipped": false
              },
              {
                "title": "predicting image daisy/9244082319_b1f7e2d8b0_n.jpg",
                "fullTitle": "FLOVERS TEST SUITE test model predicting image daisy/9244082319_b1f7e2d8b0_n.jpg",
                "timedOut": false,
                "duration": 503,
                "pass": false,
                "fail": false,
                "pending": true,
                "code": "let that=this;\nloader.testImg(img.file,function(err,res,body){\n    if(err){\n        missed++;\n        that.skip();\n        return;\n    }\n    if(res.statusCode!=200){\n        missed++;\n        that.skip();\n        return;\n    }\n    body=JSON.parse(body);\n    if(body.predicted==img.label){\n        done();\n        passed++;\n    }else{\n        missed++;\n        that.skip();\n    }\n});",
                "err": {},
                "isRoot": false,
                "uuid": "07d7b56a-bd5e-4a86-ab02-1b69452a7a48",
                "isHook": false,
                "skipped": false
              },
              {
                "title": "predicting image daisy/9286947622_4822f4fc21.jpg",
                "fullTitle": "FLOVERS TEST SUITE test model predicting image daisy/9286947622_4822f4fc21.jpg",
                "timedOut": false,
                "duration": 1725,
                "state": "passed",
                "speed": "slow",
                "pass": true,
                "fail": false,
                "pending": false,
                "code": "let that=this;\nloader.testImg(img.file,function(err,res,body){\n    if(err){\n        missed++;\n        that.skip();\n        return;\n    }\n    if(res.statusCode!=200){\n        missed++;\n        that.skip();\n        return;\n    }\n    body=JSON.parse(body);\n    if(body.predicted==img.label){\n        done();\n        passed++;\n    }else{\n        missed++;\n        that.skip();\n    }\n});",
                "err": {},
                "isRoot": false,
                "uuid": "cafdf0a3-26bc-486f-a8ff-3c0018aacf28",
                "isHook": false,
                "skipped": false
              },
              {
                "title": "predicting image daisy/9299302012_958c70564c_n.jpg",
                "fullTitle": "FLOVERS TEST SUITE test model predicting image daisy/9299302012_958c70564c_n.jpg",
                "timedOut": false,
                "duration": 510,
                "state": "passed",
                "speed": "slow",
                "pass": true,
                "fail": false,
                "pending": false,
                "code": "let that=this;\nloader.testImg(img.file,function(err,res,body){\n    if(err){\n        missed++;\n        that.skip();\n        return;\n    }\n    if(res.statusCode!=200){\n        missed++;\n        that.skip();\n        return;\n    }\n    body=JSON.parse(body);\n    if(body.predicted==img.label){\n        done();\n        passed++;\n    }else{\n        missed++;\n        that.skip();\n    }\n});",
                "err": {},
                "isRoot": false,
                "uuid": "61c39824-b18a-4af2-a533-be5dc02b4cac",
                "isHook": false,
                "skipped": false
              },
              {
                "title": "predicting image daisy/9310226774_d1b8f5d9c9.jpg",
                "fullTitle": "FLOVERS TEST SUITE test model predicting image daisy/9310226774_d1b8f5d9c9.jpg",
                "timedOut": false,
                "duration": 418,
                "state": "passed",
                "speed": "slow",
                "pass": true,
                "fail": false,
                "pending": false,
                "code": "let that=this;\nloader.testImg(img.file,function(err,res,body){\n    if(err){\n        missed++;\n        that.skip();\n        return;\n    }\n    if(res.statusCode!=200){\n        missed++;\n        that.skip();\n        return;\n    }\n    body=JSON.parse(body);\n    if(body.predicted==img.label){\n        done();\n        passed++;\n    }else{\n        missed++;\n        that.skip();\n    }\n});",
                "err": {},
                "isRoot": false,
                "uuid": "c0a5199b-d236-417c-972f-5d9f181eec5d",
                "isHook": false,
                "skipped": false
              },
              {
                "title": "predicting image daisy/9321854387_5f77c926cb_n.jpg",
                "fullTitle": "FLOVERS TEST SUITE test model predicting image daisy/9321854387_5f77c926cb_n.jpg",
                "timedOut": false,
                "duration": 417,
                "state": "passed",
                "speed": "slow",
                "pass": true,
                "fail": false,
                "pending": false,
                "code": "let that=this;\nloader.testImg(img.file,function(err,res,body){\n    if(err){\n        missed++;\n        that.skip();\n        return;\n    }\n    if(res.statusCode!=200){\n        missed++;\n        that.skip();\n        return;\n    }\n    body=JSON.parse(body);\n    if(body.predicted==img.label){\n        done();\n        passed++;\n    }else{\n        missed++;\n        that.skip();\n    }\n});",
                "err": {},
                "isRoot": false,
                "uuid": "da94e723-ef00-499d-bb2b-29392006a640",
                "isHook": false,
                "skipped": false
              },
              {
                "title": "predicting image daisy/9345273630_af3550031d.jpg",
                "fullTitle": "FLOVERS TEST SUITE test model predicting image daisy/9345273630_af3550031d.jpg",
                "timedOut": false,
                "duration": 405,
                "pass": false,
                "fail": false,
                "pending": true,
                "code": "let that=this;\nloader.testImg(img.file,function(err,res,body){\n    if(err){\n        missed++;\n        that.skip();\n        return;\n    }\n    if(res.statusCode!=200){\n        missed++;\n        that.skip();\n        return;\n    }\n    body=JSON.parse(body);\n    if(body.predicted==img.label){\n        done();\n        passed++;\n    }else{\n        missed++;\n        that.skip();\n    }\n});",
                "err": {},
                "isRoot": false,
                "uuid": "68c76fa2-59c8-467a-98c3-ebed1ccbfcee",
                "isHook": false,
                "skipped": false
              },
              {
                "title": "predicting image daisy/9346508462_f0af3163f4.jpg",
                "fullTitle": "FLOVERS TEST SUITE test model predicting image daisy/9346508462_f0af3163f4.jpg",
                "timedOut": false,
                "duration": 411,
                "state": "passed",
                "speed": "slow",
                "pass": true,
                "fail": false,
                "pending": false,
                "code": "let that=this;\nloader.testImg(img.file,function(err,res,body){\n    if(err){\n        missed++;\n        that.skip();\n        return;\n    }\n    if(res.statusCode!=200){\n        missed++;\n        that.skip();\n        return;\n    }\n    body=JSON.parse(body);\n    if(body.predicted==img.label){\n        done();\n        passed++;\n    }else{\n        missed++;\n        that.skip();\n    }\n});",
                "err": {},
                "isRoot": false,
                "uuid": "2cb7040d-1947-4186-b658-32550204c9e6",
                "isHook": false,
                "skipped": false
              },
              {
                "title": "predicting image daisy/9350942387_5b1d043c26_n.jpg",
                "fullTitle": "FLOVERS TEST SUITE test model predicting image daisy/9350942387_5b1d043c26_n.jpg",
                "timedOut": false,
                "duration": 669,
                "state": "passed",
                "speed": "slow",
                "pass": true,
                "fail": false,
                "pending": false,
                "code": "let that=this;\nloader.testImg(img.file,function(err,res,body){\n    if(err){\n        missed++;\n        that.skip();\n        return;\n    }\n    if(res.statusCode!=200){\n        missed++;\n        that.skip();\n        return;\n    }\n    body=JSON.parse(body);\n    if(body.predicted==img.label){\n        done();\n        passed++;\n    }else{\n        missed++;\n        that.skip();\n    }\n});",
                "err": {},
                "isRoot": false,
                "uuid": "31201fa4-cb78-424d-8086-bd35733f8708",
                "isHook": false,
                "skipped": false
              },
              {
                "title": "predicting image daisy/9467543719_c4800becbb_m.jpg",
                "fullTitle": "FLOVERS TEST SUITE test model predicting image daisy/9467543719_c4800becbb_m.jpg",
                "timedOut": false,
                "duration": 437,
                "state": "passed",
                "speed": "slow",
                "pass": true,
                "fail": false,
                "pending": false,
                "code": "let that=this;\nloader.testImg(img.file,function(err,res,body){\n    if(err){\n        missed++;\n        that.skip();\n        return;\n    }\n    if(res.statusCode!=200){\n        missed++;\n        that.skip();\n        return;\n    }\n    body=JSON.parse(body);\n    if(body.predicted==img.label){\n        done();\n        passed++;\n    }else{\n        missed++;\n        that.skip();\n    }\n});",
                "err": {},
                "isRoot": false,
                "uuid": "2f0ca0bc-6091-43f9-8d66-2c85f3a90eaa",
                "isHook": false,
                "skipped": false
              },
              {
                "title": "predicting image daisy/9489270024_1b05f08492_m.jpg",
                "fullTitle": "FLOVERS TEST SUITE test model predicting image daisy/9489270024_1b05f08492_m.jpg",
                "timedOut": false,
                "duration": 406,
                "state": "passed",
                "speed": "slow",
                "pass": true,
                "fail": false,
                "pending": false,
                "code": "let that=this;\nloader.testImg(img.file,function(err,res,body){\n    if(err){\n        missed++;\n        that.skip();\n        return;\n    }\n    if(res.statusCode!=200){\n        missed++;\n        that.skip();\n        return;\n    }\n    body=JSON.parse(body);\n    if(body.predicted==img.label){\n        done();\n        passed++;\n    }else{\n        missed++;\n        that.skip();\n    }\n});",
                "err": {},
                "isRoot": false,
                "uuid": "d562d4e4-9e3f-49ea-816e-60982372c425",
                "isHook": false,
                "skipped": false
              },
              {
                "title": "predicting image daisy/9496209717_25a6ebdab6_m.jpg",
                "fullTitle": "FLOVERS TEST SUITE test model predicting image daisy/9496209717_25a6ebdab6_m.jpg",
                "timedOut": false,
                "duration": 448,
                "state": "passed",
                "speed": "slow",
                "pass": true,
                "fail": false,
                "pending": false,
                "code": "let that=this;\nloader.testImg(img.file,function(err,res,body){\n    if(err){\n        missed++;\n        that.skip();\n        return;\n    }\n    if(res.statusCode!=200){\n        missed++;\n        that.skip();\n        return;\n    }\n    body=JSON.parse(body);\n    if(body.predicted==img.label){\n        done();\n        passed++;\n    }else{\n        missed++;\n        that.skip();\n    }\n});",
                "err": {},
                "isRoot": false,
                "uuid": "8293f162-c0ed-41f4-b6b6-ae07988f885b",
                "isHook": false,
                "skipped": false
              },
              {
                "title": "predicting image daisy/9515186037_3be48fe68f.jpg",
                "fullTitle": "FLOVERS TEST SUITE test model predicting image daisy/9515186037_3be48fe68f.jpg",
                "timedOut": false,
                "duration": 483,
                "state": "passed",
                "speed": "slow",
                "pass": true,
                "fail": false,
                "pending": false,
                "code": "let that=this;\nloader.testImg(img.file,function(err,res,body){\n    if(err){\n        missed++;\n        that.skip();\n        return;\n    }\n    if(res.statusCode!=200){\n        missed++;\n        that.skip();\n        return;\n    }\n    body=JSON.parse(body);\n    if(body.predicted==img.label){\n        done();\n        passed++;\n    }else{\n        missed++;\n        that.skip();\n    }\n});",
                "err": {},
                "isRoot": false,
                "uuid": "66fb1c76-f201-433a-be62-fe8c13fa1ff4",
                "isHook": false,
                "skipped": false
              },
              {
                "title": "predicting image daisy/9529916092_de70623523_n.jpg",
                "fullTitle": "FLOVERS TEST SUITE test model predicting image daisy/9529916092_de70623523_n.jpg",
                "timedOut": false,
                "duration": 410,
                "state": "passed",
                "speed": "slow",
                "pass": true,
                "fail": false,
                "pending": false,
                "code": "let that=this;\nloader.testImg(img.file,function(err,res,body){\n    if(err){\n        missed++;\n        that.skip();\n        return;\n    }\n    if(res.statusCode!=200){\n        missed++;\n        that.skip();\n        return;\n    }\n    body=JSON.parse(body);\n    if(body.predicted==img.label){\n        done();\n        passed++;\n    }else{\n        missed++;\n        that.skip();\n    }\n});",
                "err": {},
                "isRoot": false,
                "uuid": "90a9735c-97d1-45bf-9ec3-1f038456f532",
                "isHook": false,
                "skipped": false
              },
              {
                "title": "predicting image daisy/9593034725_0062f0d24e_n.jpg",
                "fullTitle": "FLOVERS TEST SUITE test model predicting image daisy/9593034725_0062f0d24e_n.jpg",
                "timedOut": false,
                "duration": 424,
                "state": "passed",
                "speed": "slow",
                "pass": true,
                "fail": false,
                "pending": false,
                "code": "let that=this;\nloader.testImg(img.file,function(err,res,body){\n    if(err){\n        missed++;\n        that.skip();\n        return;\n    }\n    if(res.statusCode!=200){\n        missed++;\n        that.skip();\n        return;\n    }\n    body=JSON.parse(body);\n    if(body.predicted==img.label){\n        done();\n        passed++;\n    }else{\n        missed++;\n        that.skip();\n    }\n});",
                "err": {},
                "isRoot": false,
                "uuid": "90f80d9d-a63c-403d-bfcf-c9f737f0fa92",
                "isHook": false,
                "skipped": false
              },
              {
                "title": "predicting image daisy/9595857626_979c45e5bf_n.jpg",
                "fullTitle": "FLOVERS TEST SUITE test model predicting image daisy/9595857626_979c45e5bf_n.jpg",
                "timedOut": false,
                "duration": 444,
                "state": "passed",
                "speed": "slow",
                "pass": true,
                "fail": false,
                "pending": false,
                "code": "let that=this;\nloader.testImg(img.file,function(err,res,body){\n    if(err){\n        missed++;\n        that.skip();\n        return;\n    }\n    if(res.statusCode!=200){\n        missed++;\n        that.skip();\n        return;\n    }\n    body=JSON.parse(body);\n    if(body.predicted==img.label){\n        done();\n        passed++;\n    }else{\n        missed++;\n        that.skip();\n    }\n});",
                "err": {},
                "isRoot": false,
                "uuid": "7a871bd2-1184-4ca0-9722-1dd54189a3d7",
                "isHook": false,
                "skipped": false
              },
              {
                "title": "predicting image daisy/9611923744_013b29e4da_n.jpg",
                "fullTitle": "FLOVERS TEST SUITE test model predicting image daisy/9611923744_013b29e4da_n.jpg",
                "timedOut": false,
                "duration": 443,
                "state": "passed",
                "speed": "slow",
                "pass": true,
                "fail": false,
                "pending": false,
                "code": "let that=this;\nloader.testImg(img.file,function(err,res,body){\n    if(err){\n        missed++;\n        that.skip();\n        return;\n    }\n    if(res.statusCode!=200){\n        missed++;\n        that.skip();\n        return;\n    }\n    body=JSON.parse(body);\n    if(body.predicted==img.label){\n        done();\n        passed++;\n    }else{\n        missed++;\n        that.skip();\n    }\n});",
                "err": {},
                "isRoot": false,
                "uuid": "ab221ad7-91fa-4db7-9674-a91db4c91833",
                "isHook": false,
                "skipped": false
              },
              {
                "title": "predicting image daisy/9922116524_ab4a2533fe_n.jpg",
                "fullTitle": "FLOVERS TEST SUITE test model predicting image daisy/9922116524_ab4a2533fe_n.jpg",
                "timedOut": false,
                "duration": 427,
                "state": "passed",
                "speed": "slow",
                "pass": true,
                "fail": false,
                "pending": false,
                "code": "let that=this;\nloader.testImg(img.file,function(err,res,body){\n    if(err){\n        missed++;\n        that.skip();\n        return;\n    }\n    if(res.statusCode!=200){\n        missed++;\n        that.skip();\n        return;\n    }\n    body=JSON.parse(body);\n    if(body.predicted==img.label){\n        done();\n        passed++;\n    }else{\n        missed++;\n        that.skip();\n    }\n});",
                "err": {},
                "isRoot": false,
                "uuid": "fd34b46a-cf7a-4109-8cf8-551517aeeae7",
                "isHook": false,
                "skipped": false
              },
              {
                "title": "predicting image daisy/99306615_739eb94b9e_m.jpg",
                "fullTitle": "FLOVERS TEST SUITE test model predicting image daisy/99306615_739eb94b9e_m.jpg",
                "timedOut": false,
                "duration": 444,
                "state": "passed",
                "speed": "slow",
                "pass": true,
                "fail": false,
                "pending": false,
                "code": "let that=this;\nloader.testImg(img.file,function(err,res,body){\n    if(err){\n        missed++;\n        that.skip();\n        return;\n    }\n    if(res.statusCode!=200){\n        missed++;\n        that.skip();\n        return;\n    }\n    body=JSON.parse(body);\n    if(body.predicted==img.label){\n        done();\n        passed++;\n    }else{\n        missed++;\n        that.skip();\n    }\n});",
                "err": {},
                "isRoot": false,
                "uuid": "7d23763e-e9e6-484e-b32d-852502207493",
                "isHook": false,
                "skipped": false
              },
              {
                "title": "predicting image dandelion/9300335851_cdf1cef7a9.jpg",
                "fullTitle": "FLOVERS TEST SUITE test model predicting image dandelion/9300335851_cdf1cef7a9.jpg",
                "timedOut": false,
                "duration": 577,
                "state": "passed",
                "speed": "slow",
                "pass": true,
                "fail": false,
                "pending": false,
                "code": "let that=this;\nloader.testImg(img.file,function(err,res,body){\n    if(err){\n        missed++;\n        that.skip();\n        return;\n    }\n    if(res.statusCode!=200){\n        missed++;\n        that.skip();\n        return;\n    }\n    body=JSON.parse(body);\n    if(body.predicted==img.label){\n        done();\n        passed++;\n    }else{\n        missed++;\n        that.skip();\n    }\n});",
                "err": {},
                "isRoot": false,
                "uuid": "1ea3d116-98e9-45ff-9b3c-2283ba0e7cb3",
                "isHook": false,
                "skipped": false
              },
              {
                "title": "predicting image dandelion/9301891790_971dcfb35d_m.jpg",
                "fullTitle": "FLOVERS TEST SUITE test model predicting image dandelion/9301891790_971dcfb35d_m.jpg",
                "timedOut": false,
                "duration": 627,
                "state": "passed",
                "speed": "slow",
                "pass": true,
                "fail": false,
                "pending": false,
                "code": "let that=this;\nloader.testImg(img.file,function(err,res,body){\n    if(err){\n        missed++;\n        that.skip();\n        return;\n    }\n    if(res.statusCode!=200){\n        missed++;\n        that.skip();\n        return;\n    }\n    body=JSON.parse(body);\n    if(body.predicted==img.label){\n        done();\n        passed++;\n    }else{\n        missed++;\n        that.skip();\n    }\n});",
                "err": {},
                "isRoot": false,
                "uuid": "44d15035-d40f-4e56-8a98-4d3c04d0c4ff",
                "isHook": false,
                "skipped": false
              },
              {
                "title": "predicting image dandelion/9472854850_fc9e1db673.jpg",
                "fullTitle": "FLOVERS TEST SUITE test model predicting image dandelion/9472854850_fc9e1db673.jpg",
                "timedOut": false,
                "duration": 440,
                "state": "passed",
                "speed": "slow",
                "pass": true,
                "fail": false,
                "pending": false,
                "code": "let that=this;\nloader.testImg(img.file,function(err,res,body){\n    if(err){\n        missed++;\n        that.skip();\n        return;\n    }\n    if(res.statusCode!=200){\n        missed++;\n        that.skip();\n        return;\n    }\n    body=JSON.parse(body);\n    if(body.predicted==img.label){\n        done();\n        passed++;\n    }else{\n        missed++;\n        that.skip();\n    }\n});",
                "err": {},
                "isRoot": false,
                "uuid": "0ae1580a-55c0-4f8d-9c98-c2fbf9528751",
                "isHook": false,
                "skipped": false
              },
              {
                "title": "predicting image dandelion/9517326597_5d116a0166.jpg",
                "fullTitle": "FLOVERS TEST SUITE test model predicting image dandelion/9517326597_5d116a0166.jpg",
                "timedOut": false,
                "duration": 602,
                "state": "passed",
                "speed": "slow",
                "pass": true,
                "fail": false,
                "pending": false,
                "code": "let that=this;\nloader.testImg(img.file,function(err,res,body){\n    if(err){\n        missed++;\n        that.skip();\n        return;\n    }\n    if(res.statusCode!=200){\n        missed++;\n        that.skip();\n        return;\n    }\n    body=JSON.parse(body);\n    if(body.predicted==img.label){\n        done();\n        passed++;\n    }else{\n        missed++;\n        that.skip();\n    }\n});",
                "err": {},
                "isRoot": false,
                "uuid": "be7351ce-5a9d-42e2-8765-f67df93b319c",
                "isHook": false,
                "skipped": false
              },
              {
                "title": "predicting image dandelion/9533964635_f38e6fa3c3.jpg",
                "fullTitle": "FLOVERS TEST SUITE test model predicting image dandelion/9533964635_f38e6fa3c3.jpg",
                "timedOut": false,
                "duration": 455,
                "state": "passed",
                "speed": "slow",
                "pass": true,
                "fail": false,
                "pending": false,
                "code": "let that=this;\nloader.testImg(img.file,function(err,res,body){\n    if(err){\n        missed++;\n        that.skip();\n        return;\n    }\n    if(res.statusCode!=200){\n        missed++;\n        that.skip();\n        return;\n    }\n    body=JSON.parse(body);\n    if(body.predicted==img.label){\n        done();\n        passed++;\n    }else{\n        missed++;\n        that.skip();\n    }\n});",
                "err": {},
                "isRoot": false,
                "uuid": "0f98dcb8-e64c-4669-b5c7-c04b0dcd24a1",
                "isHook": false,
                "skipped": false
              },
              {
                "title": "predicting image dandelion/9595369280_dd88b61814.jpg",
                "fullTitle": "FLOVERS TEST SUITE test model predicting image dandelion/9595369280_dd88b61814.jpg",
                "timedOut": false,
                "duration": 435,
                "state": "passed",
                "speed": "slow",
                "pass": true,
                "fail": false,
                "pending": false,
                "code": "let that=this;\nloader.testImg(img.file,function(err,res,body){\n    if(err){\n        missed++;\n        that.skip();\n        return;\n    }\n    if(res.statusCode!=200){\n        missed++;\n        that.skip();\n        return;\n    }\n    body=JSON.parse(body);\n    if(body.predicted==img.label){\n        done();\n        passed++;\n    }else{\n        missed++;\n        that.skip();\n    }\n});",
                "err": {},
                "isRoot": false,
                "uuid": "4c000092-3d95-44e0-9770-85f2bae19a13",
                "isHook": false,
                "skipped": false
              },
              {
                "title": "predicting image dandelion/9613826015_f345354874.jpg",
                "fullTitle": "FLOVERS TEST SUITE test model predicting image dandelion/9613826015_f345354874.jpg",
                "timedOut": false,
                "duration": 428,
                "state": "passed",
                "speed": "slow",
                "pass": true,
                "fail": false,
                "pending": false,
                "code": "let that=this;\nloader.testImg(img.file,function(err,res,body){\n    if(err){\n        missed++;\n        that.skip();\n        return;\n    }\n    if(res.statusCode!=200){\n        missed++;\n        that.skip();\n        return;\n    }\n    body=JSON.parse(body);\n    if(body.predicted==img.label){\n        done();\n        passed++;\n    }else{\n        missed++;\n        that.skip();\n    }\n});",
                "err": {},
                "isRoot": false,
                "uuid": "c1005838-22e3-490d-8276-ca7859661a2a",
                "isHook": false,
                "skipped": false
              },
              {
                "title": "predicting image dandelion/9617087594_ec2a9b16f6.jpg",
                "fullTitle": "FLOVERS TEST SUITE test model predicting image dandelion/9617087594_ec2a9b16f6.jpg",
                "timedOut": false,
                "duration": 421,
                "state": "passed",
                "speed": "slow",
                "pass": true,
                "fail": false,
                "pending": false,
                "code": "let that=this;\nloader.testImg(img.file,function(err,res,body){\n    if(err){\n        missed++;\n        that.skip();\n        return;\n    }\n    if(res.statusCode!=200){\n        missed++;\n        that.skip();\n        return;\n    }\n    body=JSON.parse(body);\n    if(body.predicted==img.label){\n        done();\n        passed++;\n    }else{\n        missed++;\n        that.skip();\n    }\n});",
                "err": {},
                "isRoot": false,
                "uuid": "769e38ab-c242-48b2-9087-819622c955aa",
                "isHook": false,
                "skipped": false
              },
              {
                "title": "predicting image dandelion/9646730031_f3d5014416_n.jpg",
                "fullTitle": "FLOVERS TEST SUITE test model predicting image dandelion/9646730031_f3d5014416_n.jpg",
                "timedOut": false,
                "duration": 414,
                "state": "passed",
                "speed": "slow",
                "pass": true,
                "fail": false,
                "pending": false,
                "code": "let that=this;\nloader.testImg(img.file,function(err,res,body){\n    if(err){\n        missed++;\n        that.skip();\n        return;\n    }\n    if(res.statusCode!=200){\n        missed++;\n        that.skip();\n        return;\n    }\n    body=JSON.parse(body);\n    if(body.predicted==img.label){\n        done();\n        passed++;\n    }else{\n        missed++;\n        that.skip();\n    }\n});",
                "err": {},
                "isRoot": false,
                "uuid": "8b610648-60de-4a8a-bf9e-908ccd51dca1",
                "isHook": false,
                "skipped": false
              },
              {
                "title": "predicting image dandelion/9719816995_8f211abf02_n.jpg",
                "fullTitle": "FLOVERS TEST SUITE test model predicting image dandelion/9719816995_8f211abf02_n.jpg",
                "timedOut": false,
                "duration": 405,
                "state": "passed",
                "speed": "slow",
                "pass": true,
                "fail": false,
                "pending": false,
                "code": "let that=this;\nloader.testImg(img.file,function(err,res,body){\n    if(err){\n        missed++;\n        that.skip();\n        return;\n    }\n    if(res.statusCode!=200){\n        missed++;\n        that.skip();\n        return;\n    }\n    body=JSON.parse(body);\n    if(body.predicted==img.label){\n        done();\n        passed++;\n    }else{\n        missed++;\n        that.skip();\n    }\n});",
                "err": {},
                "isRoot": false,
                "uuid": "a9979900-b135-4c98-9834-aa5809e460ee",
                "isHook": false,
                "skipped": false
              },
              {
                "title": "predicting image dandelion/9726260379_4e8ee66875_m.jpg",
                "fullTitle": "FLOVERS TEST SUITE test model predicting image dandelion/9726260379_4e8ee66875_m.jpg",
                "timedOut": false,
                "duration": 450,
                "state": "passed",
                "speed": "slow",
                "pass": true,
                "fail": false,
                "pending": false,
                "code": "let that=this;\nloader.testImg(img.file,function(err,res,body){\n    if(err){\n        missed++;\n        that.skip();\n        return;\n    }\n    if(res.statusCode!=200){\n        missed++;\n        that.skip();\n        return;\n    }\n    body=JSON.parse(body);\n    if(body.predicted==img.label){\n        done();\n        passed++;\n    }else{\n        missed++;\n        that.skip();\n    }\n});",
                "err": {},
                "isRoot": false,
                "uuid": "abbb5bbc-9f73-422d-a5ed-58d8f4174656",
                "isHook": false,
                "skipped": false
              },
              {
                "title": "predicting image dandelion/9759608055_9ab623d193.jpg",
                "fullTitle": "FLOVERS TEST SUITE test model predicting image dandelion/9759608055_9ab623d193.jpg",
                "timedOut": false,
                "duration": 445,
                "state": "passed",
                "speed": "slow",
                "pass": true,
                "fail": false,
                "pending": false,
                "code": "let that=this;\nloader.testImg(img.file,function(err,res,body){\n    if(err){\n        missed++;\n        that.skip();\n        return;\n    }\n    if(res.statusCode!=200){\n        missed++;\n        that.skip();\n        return;\n    }\n    body=JSON.parse(body);\n    if(body.predicted==img.label){\n        done();\n        passed++;\n    }else{\n        missed++;\n        that.skip();\n    }\n});",
                "err": {},
                "isRoot": false,
                "uuid": "a8cabbb3-e222-434d-a82a-21909fa394cc",
                "isHook": false,
                "skipped": false
              },
              {
                "title": "predicting image dandelion/9818247_e2eac18894.jpg",
                "fullTitle": "FLOVERS TEST SUITE test model predicting image dandelion/9818247_e2eac18894.jpg",
                "timedOut": false,
                "duration": 442,
                "state": "passed",
                "speed": "slow",
                "pass": true,
                "fail": false,
                "pending": false,
                "code": "let that=this;\nloader.testImg(img.file,function(err,res,body){\n    if(err){\n        missed++;\n        that.skip();\n        return;\n    }\n    if(res.statusCode!=200){\n        missed++;\n        that.skip();\n        return;\n    }\n    body=JSON.parse(body);\n    if(body.predicted==img.label){\n        done();\n        passed++;\n    }else{\n        missed++;\n        that.skip();\n    }\n});",
                "err": {},
                "isRoot": false,
                "uuid": "788a318a-f9a1-4205-aac0-13e90ea4d933",
                "isHook": false,
                "skipped": false
              },
              {
                "title": "predicting image dandelion/9853885425_4a82356f1d_m.jpg",
                "fullTitle": "FLOVERS TEST SUITE test model predicting image dandelion/9853885425_4a82356f1d_m.jpg",
                "timedOut": false,
                "duration": 407,
                "state": "passed",
                "speed": "slow",
                "pass": true,
                "fail": false,
                "pending": false,
                "code": "let that=this;\nloader.testImg(img.file,function(err,res,body){\n    if(err){\n        missed++;\n        that.skip();\n        return;\n    }\n    if(res.statusCode!=200){\n        missed++;\n        that.skip();\n        return;\n    }\n    body=JSON.parse(body);\n    if(body.predicted==img.label){\n        done();\n        passed++;\n    }else{\n        missed++;\n        that.skip();\n    }\n});",
                "err": {},
                "isRoot": false,
                "uuid": "fdeee227-e621-491f-9527-908f42b4673b",
                "isHook": false,
                "skipped": false
              },
              {
                "title": "predicting image dandelion/98992760_53ed1d26a9.jpg",
                "fullTitle": "FLOVERS TEST SUITE test model predicting image dandelion/98992760_53ed1d26a9.jpg",
                "timedOut": false,
                "duration": 438,
                "state": "passed",
                "speed": "slow",
                "pass": true,
                "fail": false,
                "pending": false,
                "code": "let that=this;\nloader.testImg(img.file,function(err,res,body){\n    if(err){\n        missed++;\n        that.skip();\n        return;\n    }\n    if(res.statusCode!=200){\n        missed++;\n        that.skip();\n        return;\n    }\n    body=JSON.parse(body);\n    if(body.predicted==img.label){\n        done();\n        passed++;\n    }else{\n        missed++;\n        that.skip();\n    }\n});",
                "err": {},
                "isRoot": false,
                "uuid": "1e477c80-32bd-4180-8a42-642c340373bf",
                "isHook": false,
                "skipped": false
              },
              {
                "title": "predicting image dandelion/9939430464_5f5861ebab.jpg",
                "fullTitle": "FLOVERS TEST SUITE test model predicting image dandelion/9939430464_5f5861ebab.jpg",
                "timedOut": false,
                "duration": 414,
                "state": "passed",
                "speed": "slow",
                "pass": true,
                "fail": false,
                "pending": false,
                "code": "let that=this;\nloader.testImg(img.file,function(err,res,body){\n    if(err){\n        missed++;\n        that.skip();\n        return;\n    }\n    if(res.statusCode!=200){\n        missed++;\n        that.skip();\n        return;\n    }\n    body=JSON.parse(body);\n    if(body.predicted==img.label){\n        done();\n        passed++;\n    }else{\n        missed++;\n        that.skip();\n    }\n});",
                "err": {},
                "isRoot": false,
                "uuid": "413ef4f2-9456-4648-a1c6-c34157c61af6",
                "isHook": false,
                "skipped": false
              },
              {
                "title": "predicting image dandelion/9965757055_ff01b5ee6f_n.jpg",
                "fullTitle": "FLOVERS TEST SUITE test model predicting image dandelion/9965757055_ff01b5ee6f_n.jpg",
                "timedOut": false,
                "duration": 676,
                "state": "passed",
                "speed": "slow",
                "pass": true,
                "fail": false,
                "pending": false,
                "code": "let that=this;\nloader.testImg(img.file,function(err,res,body){\n    if(err){\n        missed++;\n        that.skip();\n        return;\n    }\n    if(res.statusCode!=200){\n        missed++;\n        that.skip();\n        return;\n    }\n    body=JSON.parse(body);\n    if(body.predicted==img.label){\n        done();\n        passed++;\n    }else{\n        missed++;\n        that.skip();\n    }\n});",
                "err": {},
                "isRoot": false,
                "uuid": "dd24202a-54f4-4821-8281-a4a1e7855ebf",
                "isHook": false,
                "skipped": false
              },
              {
                "title": "predicting image rose/9216324117_5fa1e2bc25_n.jpg",
                "fullTitle": "FLOVERS TEST SUITE test model predicting image rose/9216324117_5fa1e2bc25_n.jpg",
                "timedOut": false,
                "duration": 476,
                "pass": false,
                "fail": false,
                "pending": true,
                "code": "let that=this;\nloader.testImg(img.file,function(err,res,body){\n    if(err){\n        missed++;\n        that.skip();\n        return;\n    }\n    if(res.statusCode!=200){\n        missed++;\n        that.skip();\n        return;\n    }\n    body=JSON.parse(body);\n    if(body.predicted==img.label){\n        done();\n        passed++;\n    }else{\n        missed++;\n        that.skip();\n    }\n});",
                "err": {},
                "isRoot": false,
                "uuid": "02b1c53e-0138-49a3-857d-10029350cd24",
                "isHook": false,
                "skipped": false
              },
              {
                "title": "predicting image rose/921984328_a60076f070_m.jpg",
                "fullTitle": "FLOVERS TEST SUITE test model predicting image rose/921984328_a60076f070_m.jpg",
                "timedOut": false,
                "duration": 419,
                "state": "passed",
                "speed": "slow",
                "pass": true,
                "fail": false,
                "pending": false,
                "code": "let that=this;\nloader.testImg(img.file,function(err,res,body){\n    if(err){\n        missed++;\n        that.skip();\n        return;\n    }\n    if(res.statusCode!=200){\n        missed++;\n        that.skip();\n        return;\n    }\n    body=JSON.parse(body);\n    if(body.predicted==img.label){\n        done();\n        passed++;\n    }else{\n        missed++;\n        that.skip();\n    }\n});",
                "err": {},
                "isRoot": false,
                "uuid": "92c503a7-4e4e-4eb2-812e-5ae0a17c0789",
                "isHook": false,
                "skipped": false
              },
              {
                "title": "predicting image rose/9298314004_c1a8146521.jpg",
                "fullTitle": "FLOVERS TEST SUITE test model predicting image rose/9298314004_c1a8146521.jpg",
                "timedOut": false,
                "duration": 554,
                "state": "passed",
                "speed": "slow",
                "pass": true,
                "fail": false,
                "pending": false,
                "code": "let that=this;\nloader.testImg(img.file,function(err,res,body){\n    if(err){\n        missed++;\n        that.skip();\n        return;\n    }\n    if(res.statusCode!=200){\n        missed++;\n        that.skip();\n        return;\n    }\n    body=JSON.parse(body);\n    if(body.predicted==img.label){\n        done();\n        passed++;\n    }else{\n        missed++;\n        that.skip();\n    }\n});",
                "err": {},
                "isRoot": false,
                "uuid": "26e4a5a7-f351-4429-b031-c09c44dab768",
                "isHook": false,
                "skipped": false
              },
              {
                "title": "predicting image rose/9300754115_dd79670066_n.jpg",
                "fullTitle": "FLOVERS TEST SUITE test model predicting image rose/9300754115_dd79670066_n.jpg",
                "timedOut": false,
                "duration": 422,
                "state": "passed",
                "speed": "slow",
                "pass": true,
                "fail": false,
                "pending": false,
                "code": "let that=this;\nloader.testImg(img.file,function(err,res,body){\n    if(err){\n        missed++;\n        that.skip();\n        return;\n    }\n    if(res.statusCode!=200){\n        missed++;\n        that.skip();\n        return;\n    }\n    body=JSON.parse(body);\n    if(body.predicted==img.label){\n        done();\n        passed++;\n    }else{\n        missed++;\n        that.skip();\n    }\n});",
                "err": {},
                "isRoot": false,
                "uuid": "6df849ff-fa9b-45a0-8bf5-143d7be7f5f9",
                "isHook": false,
                "skipped": false
              },
              {
                "title": "predicting image rose/9309388105_12c0b8dd54_m.jpg",
                "fullTitle": "FLOVERS TEST SUITE test model predicting image rose/9309388105_12c0b8dd54_m.jpg",
                "timedOut": false,
                "duration": 405,
                "state": "passed",
                "speed": "slow",
                "pass": true,
                "fail": false,
                "pending": false,
                "code": "let that=this;\nloader.testImg(img.file,function(err,res,body){\n    if(err){\n        missed++;\n        that.skip();\n        return;\n    }\n    if(res.statusCode!=200){\n        missed++;\n        that.skip();\n        return;\n    }\n    body=JSON.parse(body);\n    if(body.predicted==img.label){\n        done();\n        passed++;\n    }else{\n        missed++;\n        that.skip();\n    }\n});",
                "err": {},
                "isRoot": false,
                "uuid": "1605c409-6d6a-406b-81f7-98dbae026265",
                "isHook": false,
                "skipped": false
              },
              {
                "title": "predicting image rose/9320934277_4fb95aef5d_n.jpg",
                "fullTitle": "FLOVERS TEST SUITE test model predicting image rose/9320934277_4fb95aef5d_n.jpg",
                "timedOut": false,
                "duration": 617,
                "state": "passed",
                "speed": "slow",
                "pass": true,
                "fail": false,
                "pending": false,
                "code": "let that=this;\nloader.testImg(img.file,function(err,res,body){\n    if(err){\n        missed++;\n        that.skip();\n        return;\n    }\n    if(res.statusCode!=200){\n        missed++;\n        that.skip();\n        return;\n    }\n    body=JSON.parse(body);\n    if(body.predicted==img.label){\n        done();\n        passed++;\n    }else{\n        missed++;\n        that.skip();\n    }\n});",
                "err": {},
                "isRoot": false,
                "uuid": "4a07bb79-f9cd-4c08-b3e9-161da6a053f7",
                "isHook": false,
                "skipped": false
              },
              {
                "title": "predicting image rose/9337528427_3d09b7012b.jpg",
                "fullTitle": "FLOVERS TEST SUITE test model predicting image rose/9337528427_3d09b7012b.jpg",
                "timedOut": false,
                "duration": 437,
                "pass": false,
                "fail": false,
                "pending": true,
                "code": "let that=this;\nloader.testImg(img.file,function(err,res,body){\n    if(err){\n        missed++;\n        that.skip();\n        return;\n    }\n    if(res.statusCode!=200){\n        missed++;\n        that.skip();\n        return;\n    }\n    body=JSON.parse(body);\n    if(body.predicted==img.label){\n        done();\n        passed++;\n    }else{\n        missed++;\n        that.skip();\n    }\n});",
                "err": {},
                "isRoot": false,
                "uuid": "9aed8425-1fa5-4390-b9ef-bca03b3bb793",
                "isHook": false,
                "skipped": false
              },
              {
                "title": "predicting image rose/9338237628_4d2547608c.jpg",
                "fullTitle": "FLOVERS TEST SUITE test model predicting image rose/9338237628_4d2547608c.jpg",
                "timedOut": false,
                "duration": 414,
                "state": "passed",
                "speed": "slow",
                "pass": true,
                "fail": false,
                "pending": false,
                "code": "let that=this;\nloader.testImg(img.file,function(err,res,body){\n    if(err){\n        missed++;\n        that.skip();\n        return;\n    }\n    if(res.statusCode!=200){\n        missed++;\n        that.skip();\n        return;\n    }\n    body=JSON.parse(body);\n    if(body.predicted==img.label){\n        done();\n        passed++;\n    }else{\n        missed++;\n        that.skip();\n    }\n});",
                "err": {},
                "isRoot": false,
                "uuid": "f1fd582a-4c33-4df1-988a-865b6db91dca",
                "isHook": false,
                "skipped": false
              },
              {
                "title": "predicting image rose/9353111163_7a89b2df35_n.jpg",
                "fullTitle": "FLOVERS TEST SUITE test model predicting image rose/9353111163_7a89b2df35_n.jpg",
                "timedOut": false,
                "duration": 417,
                "state": "passed",
                "speed": "slow",
                "pass": true,
                "fail": false,
                "pending": false,
                "code": "let that=this;\nloader.testImg(img.file,function(err,res,body){\n    if(err){\n        missed++;\n        that.skip();\n        return;\n    }\n    if(res.statusCode!=200){\n        missed++;\n        that.skip();\n        return;\n    }\n    body=JSON.parse(body);\n    if(body.predicted==img.label){\n        done();\n        passed++;\n    }else{\n        missed++;\n        that.skip();\n    }\n});",
                "err": {},
                "isRoot": false,
                "uuid": "485462db-a181-43de-953a-7da6bab03de2",
                "isHook": false,
                "skipped": false
              },
              {
                "title": "predicting image rose/9355706808_a9a723a8e8_n.jpg",
                "fullTitle": "FLOVERS TEST SUITE test model predicting image rose/9355706808_a9a723a8e8_n.jpg",
                "timedOut": false,
                "duration": 417,
                "pass": false,
                "fail": false,
                "pending": true,
                "code": "let that=this;\nloader.testImg(img.file,function(err,res,body){\n    if(err){\n        missed++;\n        that.skip();\n        return;\n    }\n    if(res.statusCode!=200){\n        missed++;\n        that.skip();\n        return;\n    }\n    body=JSON.parse(body);\n    if(body.predicted==img.label){\n        done();\n        passed++;\n    }else{\n        missed++;\n        that.skip();\n    }\n});",
                "err": {},
                "isRoot": false,
                "uuid": "19322096-19ed-401f-a87b-444e48ff4eda",
                "isHook": false,
                "skipped": false
              },
              {
                "title": "predicting image rose/9369421752_db1ab2a6a4_m.jpg",
                "fullTitle": "FLOVERS TEST SUITE test model predicting image rose/9369421752_db1ab2a6a4_m.jpg",
                "timedOut": false,
                "duration": 559,
                "pass": false,
                "fail": false,
                "pending": true,
                "code": "let that=this;\nloader.testImg(img.file,function(err,res,body){\n    if(err){\n        missed++;\n        that.skip();\n        return;\n    }\n    if(res.statusCode!=200){\n        missed++;\n        that.skip();\n        return;\n    }\n    body=JSON.parse(body);\n    if(body.predicted==img.label){\n        done();\n        passed++;\n    }else{\n        missed++;\n        that.skip();\n    }\n});",
                "err": {},
                "isRoot": false,
                "uuid": "a29a23a2-5ec7-4208-8bfd-f0a5d6998b84",
                "isHook": false,
                "skipped": false
              },
              {
                "title": "predicting image rose/9404876600_04f6d37685.jpg",
                "fullTitle": "FLOVERS TEST SUITE test model predicting image rose/9404876600_04f6d37685.jpg",
                "timedOut": false,
                "duration": 432,
                "state": "passed",
                "speed": "slow",
                "pass": true,
                "fail": false,
                "pending": false,
                "code": "let that=this;\nloader.testImg(img.file,function(err,res,body){\n    if(err){\n        missed++;\n        that.skip();\n        return;\n    }\n    if(res.statusCode!=200){\n        missed++;\n        that.skip();\n        return;\n    }\n    body=JSON.parse(body);\n    if(body.predicted==img.label){\n        done();\n        passed++;\n    }else{\n        missed++;\n        that.skip();\n    }\n});",
                "err": {},
                "isRoot": false,
                "uuid": "f96910c9-067e-416f-8799-ffc76777410f",
                "isHook": false,
                "skipped": false
              },
              {
                "title": "predicting image rose/9423755543_edb35141a3_n.jpg",
                "fullTitle": "FLOVERS TEST SUITE test model predicting image rose/9423755543_edb35141a3_n.jpg",
                "timedOut": false,
                "duration": 1051,
                "state": "passed",
                "speed": "slow",
                "pass": true,
                "fail": false,
                "pending": false,
                "code": "let that=this;\nloader.testImg(img.file,function(err,res,body){\n    if(err){\n        missed++;\n        that.skip();\n        return;\n    }\n    if(res.statusCode!=200){\n        missed++;\n        that.skip();\n        return;\n    }\n    body=JSON.parse(body);\n    if(body.predicted==img.label){\n        done();\n        passed++;\n    }else{\n        missed++;\n        that.skip();\n    }\n});",
                "err": {},
                "isRoot": false,
                "uuid": "178bead5-06a2-4584-a7f0-19a7a7f30927",
                "isHook": false,
                "skipped": false
              },
              {
                "title": "predicting image rose/9433167170_fa056d3175.jpg",
                "fullTitle": "FLOVERS TEST SUITE test model predicting image rose/9433167170_fa056d3175.jpg",
                "timedOut": false,
                "duration": 412,
                "pass": false,
                "fail": false,
                "pending": true,
                "code": "let that=this;\nloader.testImg(img.file,function(err,res,body){\n    if(err){\n        missed++;\n        that.skip();\n        return;\n    }\n    if(res.statusCode!=200){\n        missed++;\n        that.skip();\n        return;\n    }\n    body=JSON.parse(body);\n    if(body.predicted==img.label){\n        done();\n        passed++;\n    }else{\n        missed++;\n        that.skip();\n    }\n});",
                "err": {},
                "isRoot": false,
                "uuid": "09c15cca-34bd-4392-a571-d3ea3b1d0956",
                "isHook": false,
                "skipped": false
              },
              {
                "title": "predicting image rose/9458445402_79e4dfa89c.jpg",
                "fullTitle": "FLOVERS TEST SUITE test model predicting image rose/9458445402_79e4dfa89c.jpg",
                "timedOut": false,
                "duration": 450,
                "pass": false,
                "fail": false,
                "pending": true,
                "code": "let that=this;\nloader.testImg(img.file,function(err,res,body){\n    if(err){\n        missed++;\n        that.skip();\n        return;\n    }\n    if(res.statusCode!=200){\n        missed++;\n        that.skip();\n        return;\n    }\n    body=JSON.parse(body);\n    if(body.predicted==img.label){\n        done();\n        passed++;\n    }else{\n        missed++;\n        that.skip();\n    }\n});",
                "err": {},
                "isRoot": false,
                "uuid": "383a88e4-9fa3-45a1-ac10-0750d6ff39c3",
                "isHook": false,
                "skipped": false
              },
              {
                "title": "predicting image rose/9609569441_eeb8566e94.jpg",
                "fullTitle": "FLOVERS TEST SUITE test model predicting image rose/9609569441_eeb8566e94.jpg",
                "timedOut": false,
                "duration": 418,
                "pass": false,
                "fail": false,
                "pending": true,
                "code": "let that=this;\nloader.testImg(img.file,function(err,res,body){\n    if(err){\n        missed++;\n        that.skip();\n        return;\n    }\n    if(res.statusCode!=200){\n        missed++;\n        that.skip();\n        return;\n    }\n    body=JSON.parse(body);\n    if(body.predicted==img.label){\n        done();\n        passed++;\n    }else{\n        missed++;\n        that.skip();\n    }\n});",
                "err": {},
                "isRoot": false,
                "uuid": "dbe83b29-8fa9-4e58-8205-6be6df52e8d5",
                "isHook": false,
                "skipped": false
              },
              {
                "title": "predicting image rose/9614492283_66020fb4eb_n.jpg",
                "fullTitle": "FLOVERS TEST SUITE test model predicting image rose/9614492283_66020fb4eb_n.jpg",
                "timedOut": false,
                "duration": 1178,
                "state": "passed",
                "speed": "slow",
                "pass": true,
                "fail": false,
                "pending": false,
                "code": "let that=this;\nloader.testImg(img.file,function(err,res,body){\n    if(err){\n        missed++;\n        that.skip();\n        return;\n    }\n    if(res.statusCode!=200){\n        missed++;\n        that.skip();\n        return;\n    }\n    body=JSON.parse(body);\n    if(body.predicted==img.label){\n        done();\n        passed++;\n    }else{\n        missed++;\n        that.skip();\n    }\n});",
                "err": {},
                "isRoot": false,
                "uuid": "2f9c02a7-56d6-4e33-986f-3de3751074f1",
                "isHook": false,
                "skipped": false
              },
              {
                "title": "predicting image rose/9633056561_6f1b7e8faf_m.jpg",
                "fullTitle": "FLOVERS TEST SUITE test model predicting image rose/9633056561_6f1b7e8faf_m.jpg",
                "timedOut": false,
                "duration": 403,
                "pass": false,
                "fail": false,
                "pending": true,
                "code": "let that=this;\nloader.testImg(img.file,function(err,res,body){\n    if(err){\n        missed++;\n        that.skip();\n        return;\n    }\n    if(res.statusCode!=200){\n        missed++;\n        that.skip();\n        return;\n    }\n    body=JSON.parse(body);\n    if(body.predicted==img.label){\n        done();\n        passed++;\n    }else{\n        missed++;\n        that.skip();\n    }\n});",
                "err": {},
                "isRoot": false,
                "uuid": "3396766b-2647-4d7d-acad-8fb165ec22eb",
                "isHook": false,
                "skipped": false
              },
              {
                "title": "predicting image rose/9702378513_229a96b754_m.jpg",
                "fullTitle": "FLOVERS TEST SUITE test model predicting image rose/9702378513_229a96b754_m.jpg",
                "timedOut": false,
                "duration": 421,
                "state": "passed",
                "speed": "slow",
                "pass": true,
                "fail": false,
                "pending": false,
                "code": "let that=this;\nloader.testImg(img.file,function(err,res,body){\n    if(err){\n        missed++;\n        that.skip();\n        return;\n    }\n    if(res.statusCode!=200){\n        missed++;\n        that.skip();\n        return;\n    }\n    body=JSON.parse(body);\n    if(body.predicted==img.label){\n        done();\n        passed++;\n    }else{\n        missed++;\n        that.skip();\n    }\n});",
                "err": {},
                "isRoot": false,
                "uuid": "d97f139b-c62a-4ef7-a1f1-f34395cef406",
                "isHook": false,
                "skipped": false
              },
              {
                "title": "predicting image rose/99383371_37a5ac12a3_n.jpg",
                "fullTitle": "FLOVERS TEST SUITE test model predicting image rose/99383371_37a5ac12a3_n.jpg",
                "timedOut": false,
                "duration": 424,
                "state": "passed",
                "speed": "slow",
                "pass": true,
                "fail": false,
                "pending": false,
                "code": "let that=this;\nloader.testImg(img.file,function(err,res,body){\n    if(err){\n        missed++;\n        that.skip();\n        return;\n    }\n    if(res.statusCode!=200){\n        missed++;\n        that.skip();\n        return;\n    }\n    body=JSON.parse(body);\n    if(body.predicted==img.label){\n        done();\n        passed++;\n    }else{\n        missed++;\n        that.skip();\n    }\n});",
                "err": {},
                "isRoot": false,
                "uuid": "b2da7fe6-d255-46ad-870b-55f1f65a8803",
                "isHook": false,
                "skipped": false
              },
              {
                "title": "predicting image sunflower/9558628596_722c29ec60_m.jpg",
                "fullTitle": "FLOVERS TEST SUITE test model predicting image sunflower/9558628596_722c29ec60_m.jpg",
                "timedOut": false,
                "duration": 484,
                "state": "passed",
                "speed": "slow",
                "pass": true,
                "fail": false,
                "pending": false,
                "code": "let that=this;\nloader.testImg(img.file,function(err,res,body){\n    if(err){\n        missed++;\n        that.skip();\n        return;\n    }\n    if(res.statusCode!=200){\n        missed++;\n        that.skip();\n        return;\n    }\n    body=JSON.parse(body);\n    if(body.predicted==img.label){\n        done();\n        passed++;\n    }else{\n        missed++;\n        that.skip();\n    }\n});",
                "err": {},
                "isRoot": false,
                "uuid": "18d0e921-5252-48ba-862e-11f980abfa45",
                "isHook": false,
                "skipped": false
              },
              {
                "title": "predicting image sunflower/9558630626_52a1b7d702_m.jpg",
                "fullTitle": "FLOVERS TEST SUITE test model predicting image sunflower/9558630626_52a1b7d702_m.jpg",
                "timedOut": false,
                "duration": 582,
                "state": "passed",
                "speed": "slow",
                "pass": true,
                "fail": false,
                "pending": false,
                "code": "let that=this;\nloader.testImg(img.file,function(err,res,body){\n    if(err){\n        missed++;\n        that.skip();\n        return;\n    }\n    if(res.statusCode!=200){\n        missed++;\n        that.skip();\n        return;\n    }\n    body=JSON.parse(body);\n    if(body.predicted==img.label){\n        done();\n        passed++;\n    }else{\n        missed++;\n        that.skip();\n    }\n});",
                "err": {},
                "isRoot": false,
                "uuid": "92a33e31-2b95-4113-b5c3-817e833df038",
                "isHook": false,
                "skipped": false
              },
              {
                "title": "predicting image sunflower/9558632814_e78a780f4f.jpg",
                "fullTitle": "FLOVERS TEST SUITE test model predicting image sunflower/9558632814_e78a780f4f.jpg",
                "timedOut": false,
                "duration": 441,
                "state": "passed",
                "speed": "slow",
                "pass": true,
                "fail": false,
                "pending": false,
                "code": "let that=this;\nloader.testImg(img.file,function(err,res,body){\n    if(err){\n        missed++;\n        that.skip();\n        return;\n    }\n    if(res.statusCode!=200){\n        missed++;\n        that.skip();\n        return;\n    }\n    body=JSON.parse(body);\n    if(body.predicted==img.label){\n        done();\n        passed++;\n    }else{\n        missed++;\n        that.skip();\n    }\n});",
                "err": {},
                "isRoot": false,
                "uuid": "3c1b2b34-d919-4d04-aebd-dc6fd24bb998",
                "isHook": false,
                "skipped": false
              },
              {
                "title": "predicting image sunflower/9564240106_0577e919da_n.jpg",
                "fullTitle": "FLOVERS TEST SUITE test model predicting image sunflower/9564240106_0577e919da_n.jpg",
                "timedOut": false,
                "duration": 401,
                "state": "passed",
                "speed": "slow",
                "pass": true,
                "fail": false,
                "pending": false,
                "code": "let that=this;\nloader.testImg(img.file,function(err,res,body){\n    if(err){\n        missed++;\n        that.skip();\n        return;\n    }\n    if(res.statusCode!=200){\n        missed++;\n        that.skip();\n        return;\n    }\n    body=JSON.parse(body);\n    if(body.predicted==img.label){\n        done();\n        passed++;\n    }else{\n        missed++;\n        that.skip();\n    }\n});",
                "err": {},
                "isRoot": false,
                "uuid": "25b387cf-2072-4d8c-ae66-6c04deed7331",
                "isHook": false,
                "skipped": false
              },
              {
                "title": "predicting image sunflower/9588522189_db6166f67f.jpg",
                "fullTitle": "FLOVERS TEST SUITE test model predicting image sunflower/9588522189_db6166f67f.jpg",
                "timedOut": false,
                "duration": 851,
                "state": "passed",
                "speed": "slow",
                "pass": true,
                "fail": false,
                "pending": false,
                "code": "let that=this;\nloader.testImg(img.file,function(err,res,body){\n    if(err){\n        missed++;\n        that.skip();\n        return;\n    }\n    if(res.statusCode!=200){\n        missed++;\n        that.skip();\n        return;\n    }\n    body=JSON.parse(body);\n    if(body.predicted==img.label){\n        done();\n        passed++;\n    }else{\n        missed++;\n        that.skip();\n    }\n});",
                "err": {},
                "isRoot": false,
                "uuid": "f3e56631-ee4a-47f2-aa05-b03261ab57bd",
                "isHook": false,
                "skipped": false
              },
              {
                "title": "predicting image sunflower/9599534035_ae4df582b6.jpg",
                "fullTitle": "FLOVERS TEST SUITE test model predicting image sunflower/9599534035_ae4df582b6.jpg",
                "timedOut": false,
                "duration": 435,
                "state": "passed",
                "speed": "slow",
                "pass": true,
                "fail": false,
                "pending": false,
                "code": "let that=this;\nloader.testImg(img.file,function(err,res,body){\n    if(err){\n        missed++;\n        that.skip();\n        return;\n    }\n    if(res.statusCode!=200){\n        missed++;\n        that.skip();\n        return;\n    }\n    body=JSON.parse(body);\n    if(body.predicted==img.label){\n        done();\n        passed++;\n    }else{\n        missed++;\n        that.skip();\n    }\n});",
                "err": {},
                "isRoot": false,
                "uuid": "68d2ca97-cc28-4d84-8faf-f5f53c34b186",
                "isHook": false,
                "skipped": false
              },
              {
                "title": "predicting image sunflower/9610098411_f1613c8e14.jpg",
                "fullTitle": "FLOVERS TEST SUITE test model predicting image sunflower/9610098411_f1613c8e14.jpg",
                "timedOut": false,
                "duration": 435,
                "state": "passed",
                "speed": "slow",
                "pass": true,
                "fail": false,
                "pending": false,
                "code": "let that=this;\nloader.testImg(img.file,function(err,res,body){\n    if(err){\n        missed++;\n        that.skip();\n        return;\n    }\n    if(res.statusCode!=200){\n        missed++;\n        that.skip();\n        return;\n    }\n    body=JSON.parse(body);\n    if(body.predicted==img.label){\n        done();\n        passed++;\n    }else{\n        missed++;\n        that.skip();\n    }\n});",
                "err": {},
                "isRoot": false,
                "uuid": "a4f181e0-beb7-46a4-90f8-3b6ae5ecdbdf",
                "isHook": false,
                "skipped": false
              },
              {
                "title": "predicting image sunflower/9610371852_179e7781ce.jpg",
                "fullTitle": "FLOVERS TEST SUITE test model predicting image sunflower/9610371852_179e7781ce.jpg",
                "timedOut": false,
                "duration": 419,
                "state": "passed",
                "speed": "slow",
                "pass": true,
                "fail": false,
                "pending": false,
                "code": "let that=this;\nloader.testImg(img.file,function(err,res,body){\n    if(err){\n        missed++;\n        that.skip();\n        return;\n    }\n    if(res.statusCode!=200){\n        missed++;\n        that.skip();\n        return;\n    }\n    body=JSON.parse(body);\n    if(body.predicted==img.label){\n        done();\n        passed++;\n    }else{\n        missed++;\n        that.skip();\n    }\n});",
                "err": {},
                "isRoot": false,
                "uuid": "5163873d-780b-4349-8a9f-396359ece83d",
                "isHook": false,
                "skipped": false
              },
              {
                "title": "predicting image sunflower/9610373158_5250bce6ac_n.jpg",
                "fullTitle": "FLOVERS TEST SUITE test model predicting image sunflower/9610373158_5250bce6ac_n.jpg",
                "timedOut": false,
                "duration": 404,
                "state": "passed",
                "speed": "slow",
                "pass": true,
                "fail": false,
                "pending": false,
                "code": "let that=this;\nloader.testImg(img.file,function(err,res,body){\n    if(err){\n        missed++;\n        that.skip();\n        return;\n    }\n    if(res.statusCode!=200){\n        missed++;\n        that.skip();\n        return;\n    }\n    body=JSON.parse(body);\n    if(body.predicted==img.label){\n        done();\n        passed++;\n    }else{\n        missed++;\n        that.skip();\n    }\n});",
                "err": {},
                "isRoot": false,
                "uuid": "3e33eb7a-0f6a-4e7b-8d14-b49e862d6e61",
                "isHook": false,
                "skipped": false
              },
              {
                "title": "predicting image sunflower/9610373748_b9cb67bd55.jpg",
                "fullTitle": "FLOVERS TEST SUITE test model predicting image sunflower/9610373748_b9cb67bd55.jpg",
                "timedOut": false,
                "duration": 584,
                "state": "passed",
                "speed": "slow",
                "pass": true,
                "fail": false,
                "pending": false,
                "code": "let that=this;\nloader.testImg(img.file,function(err,res,body){\n    if(err){\n        missed++;\n        that.skip();\n        return;\n    }\n    if(res.statusCode!=200){\n        missed++;\n        that.skip();\n        return;\n    }\n    body=JSON.parse(body);\n    if(body.predicted==img.label){\n        done();\n        passed++;\n    }else{\n        missed++;\n        that.skip();\n    }\n});",
                "err": {},
                "isRoot": false,
                "uuid": "9b5fa6bf-f8ec-4f34-b2db-09f063c80201",
                "isHook": false,
                "skipped": false
              },
              {
                "title": "predicting image sunflower/9610374042_bb16cded3d.jpg",
                "fullTitle": "FLOVERS TEST SUITE test model predicting image sunflower/9610374042_bb16cded3d.jpg",
                "timedOut": false,
                "duration": 422,
                "state": "passed",
                "speed": "slow",
                "pass": true,
                "fail": false,
                "pending": false,
                "code": "let that=this;\nloader.testImg(img.file,function(err,res,body){\n    if(err){\n        missed++;\n        that.skip();\n        return;\n    }\n    if(res.statusCode!=200){\n        missed++;\n        that.skip();\n        return;\n    }\n    body=JSON.parse(body);\n    if(body.predicted==img.label){\n        done();\n        passed++;\n    }else{\n        missed++;\n        that.skip();\n    }\n});",
                "err": {},
                "isRoot": false,
                "uuid": "b4dc2c17-26b9-4c2e-95e0-589f1aae4fea",
                "isHook": false,
                "skipped": false
              },
              {
                "title": "predicting image sunflower/9651392844_77f90589ba_n.jpg",
                "fullTitle": "FLOVERS TEST SUITE test model predicting image sunflower/9651392844_77f90589ba_n.jpg",
                "timedOut": false,
                "duration": 1413,
                "state": "passed",
                "speed": "slow",
                "pass": true,
                "fail": false,
                "pending": false,
                "code": "let that=this;\nloader.testImg(img.file,function(err,res,body){\n    if(err){\n        missed++;\n        that.skip();\n        return;\n    }\n    if(res.statusCode!=200){\n        missed++;\n        that.skip();\n        return;\n    }\n    body=JSON.parse(body);\n    if(body.predicted==img.label){\n        done();\n        passed++;\n    }else{\n        missed++;\n        that.skip();\n    }\n});",
                "err": {},
                "isRoot": false,
                "uuid": "396f4d40-af38-49f3-8094-f271451b98bb",
                "isHook": false,
                "skipped": false
              },
              {
                "title": "predicting image sunflower/9655029591_7a77f87500.jpg",
                "fullTitle": "FLOVERS TEST SUITE test model predicting image sunflower/9655029591_7a77f87500.jpg",
                "timedOut": false,
                "duration": 888,
                "state": "passed",
                "speed": "slow",
                "pass": true,
                "fail": false,
                "pending": false,
                "code": "let that=this;\nloader.testImg(img.file,function(err,res,body){\n    if(err){\n        missed++;\n        that.skip();\n        return;\n    }\n    if(res.statusCode!=200){\n        missed++;\n        that.skip();\n        return;\n    }\n    body=JSON.parse(body);\n    if(body.predicted==img.label){\n        done();\n        passed++;\n    }else{\n        missed++;\n        that.skip();\n    }\n});",
                "err": {},
                "isRoot": false,
                "uuid": "d12ac357-6cc5-432f-8600-80a14791d9f2",
                "isHook": false,
                "skipped": false
              },
              {
                "title": "predicting image sunflower/9681915384_b3b646dc92_m.jpg",
                "fullTitle": "FLOVERS TEST SUITE test model predicting image sunflower/9681915384_b3b646dc92_m.jpg",
                "timedOut": false,
                "duration": 379,
                "state": "passed",
                "speed": "slow",
                "pass": true,
                "fail": false,
                "pending": false,
                "code": "let that=this;\nloader.testImg(img.file,function(err,res,body){\n    if(err){\n        missed++;\n        that.skip();\n        return;\n    }\n    if(res.statusCode!=200){\n        missed++;\n        that.skip();\n        return;\n    }\n    body=JSON.parse(body);\n    if(body.predicted==img.label){\n        done();\n        passed++;\n    }else{\n        missed++;\n        that.skip();\n    }\n});",
                "err": {},
                "isRoot": false,
                "uuid": "b3d4f518-1562-43c8-bb76-450c2805effd",
                "isHook": false,
                "skipped": false
              },
              {
                "title": "predicting image sunflower/969913643_9d5cd2fe45_m.jpg",
                "fullTitle": "FLOVERS TEST SUITE test model predicting image sunflower/969913643_9d5cd2fe45_m.jpg",
                "timedOut": false,
                "duration": 414,
                "state": "passed",
                "speed": "slow",
                "pass": true,
                "fail": false,
                "pending": false,
[...]
                "isHook": false,
                "skipped": false
              },
              {
                "title": "predicting image tulip/8908097235_c3e746d36e_n.jpg",
                "fullTitle": "FLOVERS TEST SUITE test model predicting image tulip/8908097235_c3e746d36e_n.jpg",
                "timedOut": false,
                "duration": 461,
                "state": "passed",
                "speed": "slow",
                "pass": true,
                "fail": false,
                "pending": false,
                "code": "let that=this;\nloader.testImg(img.file,function(err,res,body){\n    if(err){\n        missed++;\n        that.skip();\n        return;\n    }\n    if(res.statusCode!=200){\n        missed++;\n        that.skip();\n        return;\n    }\n    body=JSON.parse(body);\n    if(body.predicted==img.label){\n        done();\n        passed++;\n    }else{\n        missed++;\n        that.skip();\n    }\n});",
                "err": {},
                "isRoot": false,
                "uuid": "af1fc937-3dc0-4b0d-9c07-e8304d0a4720",
                "isHook": false,
                "skipped": false
              },
              {
                "title": "predicting image tulip/9019694597_2d3bbedb17.jpg",
                "fullTitle": "FLOVERS TEST SUITE test model predicting image tulip/9019694597_2d3bbedb17.jpg",
                "timedOut": false,
                "duration": 1837,
                "state": "passed",
                "speed": "slow",
                "pass": true,
                "fail": false,
                "pending": false,
                "code": "let that=this;\nloader.testImg(img.file,function(err,res,body){\n    if(err){\n        missed++;\n        that.skip();\n        return;\n    }\n    if(res.statusCode!=200){\n        missed++;\n        that.skip();\n        return;\n    }\n    body=JSON.parse(body);\n    if(body.predicted==img.label){\n        done();\n        passed++;\n    }else{\n        missed++;\n        that.skip();\n    }\n});",
                "err": {},
                "isRoot": false,
                "uuid": "3814985c-4d0f-49e5-8dd7-0ccae0ba3fc9",
                "isHook": false,
                "skipped": false
              },
              {
                "title": "predicting image tulip/9030467406_05e93ff171_n.jpg",
                "fullTitle": "FLOVERS TEST SUITE test model predicting image tulip/9030467406_05e93ff171_n.jpg",
                "timedOut": false,
                "duration": 380,
                "state": "passed",
                "speed": "slow",
                "pass": true,
                "fail": false,
                "pending": false,
                "code": "let that=this;\nloader.testImg(img.file,function(err,res,body){\n    if(err){\n        missed++;\n        that.skip();\n        return;\n    }\n    if(res.statusCode!=200){\n        missed++;\n        that.skip();\n        return;\n    }\n    body=JSON.parse(body);\n    if(body.predicted==img.label){\n        done();\n        passed++;\n    }else{\n        missed++;\n        that.skip();\n    }\n});",
                "err": {},
                "isRoot": false,
                "uuid": "e20c53d0-e8e1-4745-9474-48df1b820c63",
                "isHook": false,
                "skipped": false
              },
              {
                "title": "predicting image tulip/9048307967_40a164a459_m.jpg",
                "fullTitle": "FLOVERS TEST SUITE test model predicting image tulip/9048307967_40a164a459_m.jpg",
                "timedOut": false,
                "duration": 392,
                "state": "passed",
                "speed": "slow",
                "pass": true,
                "fail": false,
                "pending": false,
                "code": "let that=this;\nloader.testImg(img.file,function(err,res,body){\n    if(err){\n        missed++;\n        that.skip();\n        return;\n    }\n    if(res.statusCode!=200){\n        missed++;\n        that.skip();\n        return;\n    }\n    body=JSON.parse(body);\n    if(body.predicted==img.label){\n        done();\n        passed++;\n    }else{\n        missed++;\n        that.skip();\n    }\n});",
                "err": {},
                "isRoot": false,
                "uuid": "927f91ea-52a3-4dee-84f2-b3c751fbed96",
                "isHook": false,
                "skipped": false
              },
              {
                "title": "predicting image tulip/924782410_94ed7913ca_m.jpg",
                "fullTitle": "FLOVERS TEST SUITE test model predicting image tulip/924782410_94ed7913ca_m.jpg",
                "timedOut": false,
                "duration": 391,
                "state": "passed",
                "speed": "slow",
                "pass": true,
                "fail": false,
                "pending": false,
                "code": "let that=this;\nloader.testImg(img.file,function(err,res,body){\n    if(err){\n        missed++;\n        that.skip();\n        return;\n    }\n    if(res.statusCode!=200){\n        missed++;\n        that.skip();\n        return;\n    }\n    body=JSON.parse(body);\n    if(body.predicted==img.label){\n        done();\n        passed++;\n    }else{\n        missed++;\n        that.skip();\n    }\n});",
                "err": {},
                "isRoot": false,
                "uuid": "ae6ba6be-fdc1-4655-86a8-c0b9ae36e9d7",
                "isHook": false,
                "skipped": false
              },
              {
                "title": "predicting image tulip/9378657435_89fabf13c9_n.jpg",
                "fullTitle": "FLOVERS TEST SUITE test model predicting image tulip/9378657435_89fabf13c9_n.jpg",
                "timedOut": false,
                "duration": 391,
                "state": "passed",
                "speed": "slow",
                "pass": true,
                "fail": false,
                "pending": false,
                "code": "let that=this;\nloader.testImg(img.file,function(err,res,body){\n    if(err){\n        missed++;\n        that.skip();\n        return;\n    }\n    if(res.statusCode!=200){\n        missed++;\n        that.skip();\n        return;\n    }\n    body=JSON.parse(body);\n    if(body.predicted==img.label){\n        done();\n        passed++;\n    }else{\n        missed++;\n        that.skip();\n    }\n});",
                "err": {},
                "isRoot": false,
                "uuid": "898640ad-3fbe-472c-b105-ab160d4b9bf8",
                "isHook": false,
                "skipped": false
              },
              {
                "title": "predicting image tulip/9444202147_405290415b_n.jpg",
                "fullTitle": "FLOVERS TEST SUITE test model predicting image tulip/9444202147_405290415b_n.jpg",
                "timedOut": false,
                "duration": 369,
                "state": "passed",
                "speed": "slow",
                "pass": true,
                "fail": false,
                "pending": false,
                "code": "let that=this;\nloader.testImg(img.file,function(err,res,body){\n    if(err){\n        missed++;\n        that.skip();\n        return;\n    }\n    if(res.statusCode!=200){\n        missed++;\n        that.skip();\n        return;\n    }\n    body=JSON.parse(body);\n    if(body.predicted==img.label){\n        done();\n        passed++;\n    }else{\n        missed++;\n        that.skip();\n    }\n});",
                "err": {},
                "isRoot": false,
                "uuid": "632c9af8-730b-438f-a1bb-39175095bb5f",
                "isHook": false,
                "skipped": false
              },
              {
                "title": "predicting image tulip/9446982168_06c4d71da3_n.jpg",
                "fullTitle": "FLOVERS TEST SUITE test model predicting image tulip/9446982168_06c4d71da3_n.jpg",
                "timedOut": false,
                "duration": 407,
                "state": "passed",
                "speed": "slow",
                "pass": true,
                "fail": false,
                "pending": false,
                "code": "let that=this;\nloader.testImg(img.file,function(err,res,body){\n    if(err){\n        missed++;\n        that.skip();\n        return;\n    }\n    if(res.statusCode!=200){\n        missed++;\n        that.skip();\n        return;\n    }\n    body=JSON.parse(body);\n    if(body.predicted==img.label){\n        done();\n        passed++;\n    }else{\n        missed++;\n        that.skip();\n    }\n});",
                "err": {},
                "isRoot": false,
                "uuid": "60c344bc-a7bd-47eb-89f1-b9d397c7fa99",
                "isHook": false,
                "skipped": false
              },
              {
                "title": "predicting image tulip/9831362123_5aac525a99_n.jpg",
                "fullTitle": "FLOVERS TEST SUITE test model predicting image tulip/9831362123_5aac525a99_n.jpg",
                "timedOut": false,
                "duration": 411,
                "state": "passed",
                "speed": "slow",
                "pass": true,
                "fail": false,
                "pending": false,
                "code": "let that=this;\nloader.testImg(img.file,function(err,res,body){\n    if(err){\n        missed++;\n        that.skip();\n        return;\n    }\n    if(res.statusCode!=200){\n        missed++;\n        that.skip();\n        return;\n    }\n    body=JSON.parse(body);\n    if(body.predicted==img.label){\n        done();\n        passed++;\n    }else{\n        missed++;\n        that.skip();\n    }\n});",
                "err": {},
                "isRoot": false,
                "uuid": "488e2961-af8c-4a30-8e02-dc1d003c74a9",
                "isHook": false,
                "skipped": false
              },
              {
                "title": "predicting image tulip/9870557734_88eb3b9e3b_n.jpg",
                "fullTitle": "FLOVERS TEST SUITE test model predicting image tulip/9870557734_88eb3b9e3b_n.jpg",
                "timedOut": false,
                "duration": 381,
                "state": "passed",
                "speed": "slow",
                "pass": true,
                "fail": false,
                "pending": false,
                "code": "let that=this;\nloader.testImg(img.file,function(err,res,body){\n    if(err){\n        missed++;\n        that.skip();\n        return;\n    }\n    if(res.statusCode!=200){\n        missed++;\n        that.skip();\n        return;\n    }\n    body=JSON.parse(body);\n    if(body.predicted==img.label){\n        done();\n        passed++;\n    }else{\n        missed++;\n        that.skip();\n    }\n});",
                "err": {},
                "isRoot": false,
                "uuid": "b836b9f5-9305-4fd3-b98e-c5eabc84aaeb",
                "isHook": false,
                "skipped": false
              },
              {
                "title": "predicting image tulip/9947374414_fdf1d0861c_n.jpg",
                "fullTitle": "FLOVERS TEST SUITE test model predicting image tulip/9947374414_fdf1d0861c_n.jpg",
                "timedOut": false,
                "duration": 579,
                "state": "passed",
                "speed": "slow",
                "pass": true,
                "fail": false,
                "pending": false,
                "code": "let that=this;\nloader.testImg(img.file,function(err,res,body){\n    if(err){\n        missed++;\n        that.skip();\n        return;\n    }\n    if(res.statusCode!=200){\n        missed++;\n        that.skip();\n        return;\n    }\n    body=JSON.parse(body);\n    if(body.predicted==img.label){\n        done();\n        passed++;\n    }else{\n        missed++;\n        that.skip();\n    }\n});",
                "err": {},
                "isRoot": false,
                "uuid": "821349a4-6255-4bff-b097-17f8620459e2",
                "isHook": false,
                "skipped": false
              },
              {
                "title": "predicting image tulip/9947385346_3a8cacea02_n.jpg",
                "fullTitle": "FLOVERS TEST SUITE test model predicting image tulip/9947385346_3a8cacea02_n.jpg",
                "timedOut": false,
                "duration": 397,
                "pass": false,
                "fail": false,
                "pending": true,
                "code": "let that=this;\nloader.testImg(img.file,function(err,res,body){\n    if(err){\n        missed++;\n        that.skip();\n        return;\n    }\n    if(res.statusCode!=200){\n        missed++;\n        that.skip();\n        return;\n    }\n    body=JSON.parse(body);\n    if(body.predicted==img.label){\n        done();\n        passed++;\n    }else{\n        missed++;\n        that.skip();\n    }\n});",
                "err": {},
                "isRoot": false,
                "uuid": "8fddde1a-8c80-44a6-8b78-5f23605f69b9",
                "isHook": false,
                "skipped": false
              },
              {
                "title": "predicting image tulip/9976515506_d496c5e72c.jpg",
                "fullTitle": "FLOVERS TEST SUITE test model predicting image tulip/9976515506_d496c5e72c.jpg",
                "timedOut": false,
                "duration": 412,
                "state": "passed",
                "speed": "slow",
                "pass": true,
                "fail": false,
                "pending": false,
                "code": "let that=this;\nloader.testImg(img.file,function(err,res,body){\n    if(err){\n        missed++;\n        that.skip();\n        return;\n    }\n    if(res.statusCode!=200){\n        missed++;\n        that.skip();\n        return;\n    }\n    body=JSON.parse(body);\n    if(body.predicted==img.label){\n        done();\n        passed++;\n    }else{\n        missed++;\n        that.skip();\n    }\n});",
                "err": {},
                "isRoot": false,
                "uuid": "efba6c77-7c0a-43f9-9139-681d88ca0426",
                "isHook": false,
                "skipped": false
              }
            ],
            "suites": [],
            "passes": [
              "4a9b78c9-9912-42ce-98ef-a17d0587c7c2",
              "3fb78405-7968-4704-8c15-ee39bec1776b",
              "cafdf0a3-26bc-486f-a8ff-3c0018aacf28",
              "61c39824-b18a-4af2-a533-be5dc02b4cac",
              "c0a5199b-d236-417c-972f-5d9f181eec5d",
              "da94e723-ef00-499d-bb2b-29392006a640",
              "2cb7040d-1947-4186-b658-32550204c9e6",
              "31201fa4-cb78-424d-8086-bd35733f8708",
              "2f0ca0bc-6091-43f9-8d66-2c85f3a90eaa",
              "d562d4e4-9e3f-49ea-816e-60982372c425",
              "8293f162-c0ed-41f4-b6b6-ae07988f885b",
              "66fb1c76-f201-433a-be62-fe8c13fa1ff4",
              "90a9735c-97d1-45bf-9ec3-1f038456f532",
              "90f80d9d-a63c-403d-bfcf-c9f737f0fa92",
              "7a871bd2-1184-4ca0-9722-1dd54189a3d7",
              "ab221ad7-91fa-4db7-9674-a91db4c91833",
              "fd34b46a-cf7a-4109-8cf8-551517aeeae7",
              "7d23763e-e9e6-484e-b32d-852502207493",
              "1ea3d116-98e9-45ff-9b3c-2283ba0e7cb3",
              "44d15035-d40f-4e56-8a98-4d3c04d0c4ff",
              "0ae1580a-55c0-4f8d-9c98-c2fbf9528751",
              "be7351ce-5a9d-42e2-8765-f67df93b319c",
              "0f98dcb8-e64c-4669-b5c7-c04b0dcd24a1",
              "4c000092-3d95-44e0-9770-85f2bae19a13",
              "c1005838-22e3-490d-8276-ca7859661a2a",
              "769e38ab-c242-48b2-9087-819622c955aa",
              "8b610648-60de-4a8a-bf9e-908ccd51dca1",
              "a9979900-b135-4c98-9834-aa5809e460ee",
              "abbb5bbc-9f73-422d-a5ed-58d8f4174656",
              "a8cabbb3-e222-434d-a82a-21909fa394cc",
              "788a318a-f9a1-4205-aac0-13e90ea4d933",
              "fdeee227-e621-491f-9527-908f42b4673b",
              "1e477c80-32bd-4180-8a42-642c340373bf",
              "413ef4f2-9456-4648-a1c6-c34157c61af6",
              "dd24202a-54f4-4821-8281-a4a1e7855ebf",
              "92c503a7-4e4e-4eb2-812e-5ae0a17c0789",
              "26e4a5a7-f351-4429-b031-c09c44dab768",
              "6df849ff-fa9b-45a0-8bf5-143d7be7f5f9",
              "1605c409-6d6a-406b-81f7-98dbae026265",
              "4a07bb79-f9cd-4c08-b3e9-161da6a053f7",
              "f1fd582a-4c33-4df1-988a-865b6db91dca",
              "485462db-a181-43de-953a-7da6bab03de2",
              "f96910c9-067e-416f-8799-ffc76777410f",
              "178bead5-06a2-4584-a7f0-19a7a7f30927",
              "2f9c02a7-56d6-4e33-986f-3de3751074f1",
              "d97f139b-c62a-4ef7-a1f1-f34395cef406",
              "b2da7fe6-d255-46ad-870b-55f1f65a8803",
              "18d0e921-5252-48ba-862e-11f980abfa45",
              "92a33e31-2b95-4113-b5c3-817e833df038",
              "3c1b2b34-d919-4d04-aebd-dc6fd24bb998",
              "25b387cf-2072-4d8c-ae66-6c04deed7331",
              "f3e56631-ee4a-47f2-aa05-b03261ab57bd",
              "68d2ca97-cc28-4d84-8faf-f5f53c34b186",
              "a4f181e0-beb7-46a4-90f8-3b6ae5ecdbdf",
              "5163873d-780b-4349-8a9f-396359ece83d",
              "3e33eb7a-0f6a-4e7b-8d14-b49e862d6e61",
              "9b5fa6bf-f8ec-4f34-b2db-09f063c80201",
              "b4dc2c17-26b9-4c2e-95e0-589f1aae4fea",
              "396f4d40-af38-49f3-8094-f271451b98bb",
              "d12ac357-6cc5-432f-8600-80a14791d9f2",
              "b3d4f518-1562-43c8-bb76-450c2805effd",
              "bc96a4cf-8027-47cb-be49-b8dca66eed10",
              "ca2154dc-b972-416f-b668-d87e42597b24",
              "b824937b-3728-4005-aebf-343e475e0fae",
              "1bf8310d-b57e-4095-b6b7-6321b20b31c0",
              "e29d92ef-8cb5-4b9c-aede-135996ca5a75",
              "517b5269-f7db-46e9-857d-d6cc82881c98",
              "c1168a82-7357-48f6-85d8-41485e03a2ea",
              "39b76871-c152-41da-8390-781febb41343",
              "ab886d9c-fec5-4ecb-b3fb-157a483e47c5",
              "ffe28b55-c419-4925-afd8-5fa1a9cbaa33",
              "af1fc937-3dc0-4b0d-9c07-e8304d0a4720",
              "3814985c-4d0f-49e5-8dd7-0ccae0ba3fc9",
              "e20c53d0-e8e1-4745-9474-48df1b820c63",
              "927f91ea-52a3-4dee-84f2-b3c751fbed96",
              "ae6ba6be-fdc1-4655-86a8-c0b9ae36e9d7",
              "898640ad-3fbe-472c-b105-ab160d4b9bf8",
              "632c9af8-730b-438f-a1bb-39175095bb5f",
              "60c344bc-a7bd-47eb-89f1-b9d397c7fa99",
              "488e2961-af8c-4a30-8e02-dc1d003c74a9",
              "b836b9f5-9305-4fd3-b98e-c5eabc84aaeb",
              "821349a4-6255-4bff-b097-17f8620459e2",
              "efba6c77-7c0a-43f9-9139-681d88ca0426"
            ],
            "failures": [],
            "pending": [
              "07d7b56a-bd5e-4a86-ab02-1b69452a7a48",
              "68c76fa2-59c8-467a-98c3-ebed1ccbfcee",
              "02b1c53e-0138-49a3-857d-10029350cd24",
              "9aed8425-1fa5-4390-b9ef-bca03b3bb793",
              "19322096-19ed-401f-a87b-444e48ff4eda",
              "a29a23a2-5ec7-4208-8bfd-f0a5d6998b84",
              "09c15cca-34bd-4392-a571-d3ea3b1d0956",
              "383a88e4-9fa3-45a1-ac10-0750d6ff39c3",
              "dbe83b29-8fa9-4e58-8205-6be6df52e8d5",
              "3396766b-2647-4d7d-acad-8fb165ec22eb",
              "3f73b152-dd45-498e-82fd-bd880fa4b09a",
              "846ad99a-19bd-4bf5-9306-9c08c85c1c7b",
              "a2d0381a-2cbb-4adf-8275-454f3ecc92dd",
              "8fddde1a-8c80-44a6-8b78-5f23605f69b9"
            ],
            "skipped": [],
            "duration": 50275,
            "root": false,
            "rootEmpty": false,
            "_timeout": 2000
          }
        ],
        "passes": [],
        "failures": [],
        "pending": [],
        "skipped": [],
        "duration": 0,
        "root": false,
        "rootEmpty": false,
        "_timeout": 2000
      }
    ],
    "passes": [],
    "failures": [],
    "pending": [],
    "skipped": [],
    "duration": 0,
    "root": true,
    "rootEmpty": true,
    "_timeout": 2000
  },
  "copyrightYear": 2019
}